<?xml version="1.0" encoding="UTF-8"?>
<!-- Generated by org.testng.reporters.JUnitReportReporter -->
<testsuite skipped="1" hostname="INL-6BDY7S2" name="com.test.module1.Assignment1" tests="2" failures="0" timestamp="2022-06-21T04:11:08 IST" time="22.955" errors="0">
  <testcase name="facebookTest1" time="22.955" classname="com.test.module1.Assignment1"/>
  <system-out/>
  <testcase name="facebookTest2" classname="com.test.module1.Assignment1">
    <skipped/>
  </testcase> <!-- facebookTest2 -->
  <system-out/>
</testsuite> <!-- com.test.module1.Assignment1 -->
